{
  message: 'Logger initilized!',
  level: 'info',
  timestamp: '2021-03-10 17:31:19.194',
  label: 'meteo_data_repo_logger'
}
{
  message: 'Init db...',
  level: 'info',
  timestamp: '2021-03-10 17:31:19.575',
  label: 'meteo_data_repo_logger'
}
{
  message: 'Setting up default route...',
  level: 'info',
  timestamp: '2021-03-10 17:31:20.912',
  label: 'meteo_data_repo_logger'
}
{
  message: 'Server setup finished.',
  level: 'info',
  timestamp: '2021-03-10 17:31:20.956',
  label: 'meteo_data_repo_logger'
}
{
  message: 'Server listening on port: 8080',
  level: 'info',
  timestamp: '2021-03-10 17:31:20.967',
  label: 'meteo_data_repo_logger'
}
{
  message: 'Logger initilized!',
  level: 'info',
  timestamp: '2021-03-23 09:02:16.375',
  label: 'meteo_data_repo_logger'
}
{
  message: 'Init db...',
  level: 'info',
  timestamp: '2021-03-23 09:02:19.490',
  label: 'meteo_data_repo_logger'
}
{
  message: 'Setting up default route...',
  level: 'info',
  timestamp: '2021-03-23 09:02:22.040',
  label: 'meteo_data_repo_logger'
}
{
  message: 'Server setup finished.',
  level: 'info',
  timestamp: '2021-03-23 09:02:22.087',
  label: 'meteo_data_repo_logger'
}
{
  message: 'Server listening on port: 8080',
  level: 'info',
  timestamp: '2021-03-23 09:02:22.090',
  label: 'meteo_data_repo_logger'
}
{
  message: 'Logger initilized!',
  level: 'info',
  timestamp: '2021-04-17 21:33:34.707',
  label: 'meteo_data_repo_logger'
}
{
  message: 'Init db...',
  level: 'info',
  timestamp: '2021-04-17 21:33:48.625',
  label: 'meteo_data_repo_logger'
}
{
  message: 'Setting up default route...',
  level: 'info',
  timestamp: '2021-04-17 21:34:20.844',
  label: 'meteo_data_repo_logger'
}
{
  message: 'Server setup finished.',
  level: 'info',
  timestamp: '2021-04-17 21:34:21.754',
  label: 'meteo_data_repo_logger'
}
{
  message: 'Server listening on port: 8080',
  level: 'info',
  timestamp: '2021-04-17 21:34:21.866',
  label: 'meteo_data_repo_logger'
}
{
  message: 'Logger initilized!',
  level: 'info',
  timestamp: '2021-05-27 14:41:47.968',
  label: 'meteo_data_repo_logger'
}
{
  message: 'Init db...',
  level: 'info',
  timestamp: '2021-05-27 14:41:48.421',
  label: 'meteo_data_repo_logger'
}
{
  message: 'Setting up default route...',
  level: 'info',
  timestamp: '2021-05-27 14:41:50.756',
  label: 'meteo_data_repo_logger'
}
{
  message: 'Server setup finished.',
  level: 'info',
  timestamp: '2021-05-27 14:41:50.839',
  label: 'meteo_data_repo_logger'
}
{
  message: 'Server listening on port: 8080',
  level: 'info',
  timestamp: '2021-05-27 14:41:50.845',
  label: 'meteo_data_repo_logger'
}
